{"/Users/marcusng/Desktop/FireAndIce/App.js": {"path":"/Users/marcusng/Desktop/FireAndIce/App.js","statementMap":{"0":{"start":{"line":10,"column":20},"end":{"line":12,"column":2}},"1":{"start":{"line":13,"column":14},"end":{"line":16,"column":1}},"2":{"start":{"line":17,"column":0},"end":{"line":17,"column":16}},"3":{"start":{"line":19,"column":19},"end":{"line":25,"column":1}},"4":{"start":{"line":20,"column":2},"end":{"line":24,"column":4}}},"fnMap":{"0":{"name":"(anonymous_0)","decl":{"start":{"line":19,"column":19},"end":{"line":19,"column":20}},"loc":{"start":{"line":19,"column":25},"end":{"line":25,"column":1}},"line":19}},"branchMap":{},"s":{"0":0,"1":0,"2":0,"3":0,"4":0},"f":{"0":0},"b":{}}
,"/Users/marcusng/Desktop/FireAndIce/components/CharacterItem.js": {"path":"/Users/marcusng/Desktop/FireAndIce/components/CharacterItem.js","statementMap":{"0":{"start":{"line":4,"column":22},"end":{"line":28,"column":1}},"1":{"start":{"line":5,"column":20},"end":{"line":5,"column":30}},"2":{"start":{"line":7,"column":2},"end":{"line":27,"column":4}},"3":{"start":{"line":10,"column":8},"end":{"line":13,"column":10}},"4":{"start":{"line":30,"column":15},"end":{"line":61,"column":2}}},"fnMap":{"0":{"name":"(anonymous_0)","decl":{"start":{"line":4,"column":22},"end":{"line":4,"column":23}},"loc":{"start":{"line":4,"column":31},"end":{"line":28,"column":1}},"line":4},"1":{"name":"(anonymous_1)","decl":{"start":{"line":9,"column":15},"end":{"line":9,"column":16}},"loc":{"start":{"line":10,"column":8},"end":{"line":13,"column":10}},"line":10}},"branchMap":{"0":{"loc":{"start":{"line":20,"column":9},"end":{"line":24,"column":9}},"type":"cond-expr","locations":[{"start":{"line":21,"column":10},"end":{"line":21,"column":75}},{"start":{"line":23,"column":10},"end":{"line":23,"column":69}}],"line":20}},"s":{"0":1,"1":0,"2":0,"3":0,"4":1},"f":{"0":0,"1":0},"b":{"0":[0,0]},"_coverageSchema":"1a1c01bbd47fc00a2c39e90264f33305004495a9","hash":"9c649b8eb5a9d7f45ffe1f4ec4b26472503e067e"}
,"/Users/marcusng/Desktop/FireAndIce/components/Header.js": {"path":"/Users/marcusng/Desktop/FireAndIce/components/Header.js","statementMap":{"0":{"start":{"line":4,"column":15},"end":{"line":11,"column":1}},"1":{"start":{"line":5,"column":2},"end":{"line":10,"column":4}},"2":{"start":{"line":13,"column":15},"end":{"line":27,"column":2}}},"fnMap":{"0":{"name":"(anonymous_0)","decl":{"start":{"line":4,"column":15},"end":{"line":4,"column":16}},"loc":{"start":{"line":4,"column":21},"end":{"line":11,"column":1}},"line":4}},"branchMap":{},"s":{"0":0,"1":0,"2":0},"f":{"0":0},"b":{}}
,"/Users/marcusng/Desktop/FireAndIce/components/PageController.js": {"path":"/Users/marcusng/Desktop/FireAndIce/components/PageController.js","statementMap":{"0":{"start":{"line":4,"column":23},"end":{"line":35,"column":1}},"1":{"start":{"line":5,"column":26},"end":{"line":5,"column":34}},"2":{"start":{"line":7,"column":2},"end":{"line":34,"column":4}},"3":{"start":{"line":37,"column":15},"end":{"line":59,"column":2}}},"fnMap":{"0":{"name":"(anonymous_0)","decl":{"start":{"line":4,"column":23},"end":{"line":4,"column":24}},"loc":{"start":{"line":4,"column":32},"end":{"line":35,"column":1}},"line":4}},"branchMap":{},"s":{"0":1,"1":1,"2":1,"3":1},"f":{"0":1},"b":{},"_coverageSchema":"1a1c01bbd47fc00a2c39e90264f33305004495a9","hash":"5ceb5388875e542177cbf932ec7aa4070c4fe314"}
,"/Users/marcusng/Desktop/FireAndIce/models/character.js": {"path":"/Users/marcusng/Desktop/FireAndIce/models/character.js","statementMap":{"0":{"start":{"line":3,"column":4},"end":{"line":3,"column":17}},"1":{"start":{"line":4,"column":4},"end":{"line":4,"column":27}},"2":{"start":{"line":5,"column":4},"end":{"line":5,"column":21}},"3":{"start":{"line":6,"column":4},"end":{"line":6,"column":27}}},"fnMap":{"0":{"name":"(anonymous_0)","decl":{"start":{"line":2,"column":2},"end":{"line":2,"column":3}},"loc":{"start":{"line":2,"column":42},"end":{"line":7,"column":3}},"line":2}},"branchMap":{},"s":{"0":0,"1":0,"2":0,"3":0},"f":{"0":0},"b":{}}
,"/Users/marcusng/Desktop/FireAndIce/navigations/AppNavigator.js": {"path":"/Users/marcusng/Desktop/FireAndIce/navigations/AppNavigator.js","statementMap":{"0":{"start":{"line":6,"column":21},"end":{"line":23,"column":1}}},"fnMap":{},"branchMap":{},"s":{"0":0},"f":{},"b":{}}
,"/Users/marcusng/Desktop/FireAndIce/screens/CharacterDetailsScreen.js": {"path":"/Users/marcusng/Desktop/FireAndIce/screens/CharacterDetailsScreen.js","statementMap":{"0":{"start":{"line":4,"column":31},"end":{"line":50,"column":1}},"1":{"start":{"line":5,"column":20},"end":{"line":5,"column":30}},"2":{"start":{"line":6,"column":20},"end":{"line":6,"column":65}},"3":{"start":{"line":7,"column":19},"end":{"line":7,"column":63}},"4":{"start":{"line":9,"column":2},"end":{"line":49,"column":4}},"5":{"start":{"line":43,"column":14},"end":{"line":43,"column":40}},"6":{"start":{"line":52,"column":15},"end":{"line":99,"column":2}},"7":{"start":{"line":101,"column":0},"end":{"line":103,"column":2}}},"fnMap":{"0":{"name":"(anonymous_0)","decl":{"start":{"line":4,"column":31},"end":{"line":4,"column":32}},"loc":{"start":{"line":4,"column":40},"end":{"line":50,"column":1}},"line":4},"1":{"name":"(anonymous_1)","decl":{"start":{"line":42,"column":21},"end":{"line":42,"column":22}},"loc":{"start":{"line":42,"column":27},"end":{"line":44,"column":13}},"line":42}},"branchMap":{"0":{"loc":{"start":{"line":19,"column":11},"end":{"line":23,"column":11}},"type":"cond-expr","locations":[{"start":{"line":20,"column":12},"end":{"line":20,"column":76}},{"start":{"line":22,"column":12},"end":{"line":22,"column":70}}],"line":19},"1":{"loc":{"start":{"line":25,"column":11},"end":{"line":39,"column":11}},"type":"cond-expr","locations":[{"start":{"line":26,"column":12},"end":{"line":34,"column":13}},{"start":{"line":36,"column":12},"end":{"line":38,"column":19}}],"line":25},"2":{"loc":{"start":{"line":26,"column":12},"end":{"line":34,"column":13}},"type":"cond-expr","locations":[{"start":{"line":27,"column":14},"end":{"line":29,"column":21}},{"start":{"line":31,"column":14},"end":{"line":33,"column":21}}],"line":26}},"s":{"0":0,"1":0,"2":0,"3":0,"4":0,"5":0,"6":0,"7":0},"f":{"0":0,"1":0},"b":{"0":[0,0],"1":[0,0],"2":[0,0]}}
,"/Users/marcusng/Desktop/FireAndIce/screens/CharacterListScreen.js": {"path":"/Users/marcusng/Desktop/FireAndIce/screens/CharacterListScreen.js","statementMap":{"0":{"start":{"line":14,"column":28},"end":{"line":96,"column":1}},"1":{"start":{"line":15,"column":21},"end":{"line":15,"column":58}},"2":{"start":{"line":15,"column":42},"end":{"line":15,"column":57}},"3":{"start":{"line":17,"column":36},"end":{"line":17,"column":50}},"4":{"start":{"line":19,"column":19},"end":{"line":19,"column":32}},"5":{"start":{"line":21,"column":2},"end":{"line":25,"column":9}},"6":{"start":{"line":22,"column":4},"end":{"line":22,"column":23}},"7":{"start":{"line":23,"column":4},"end":{"line":23,"column":39}},"8":{"start":{"line":24,"column":4},"end":{"line":24,"column":24}},"9":{"start":{"line":27,"column":19},"end":{"line":32,"column":4}},"10":{"start":{"line":28,"column":4},"end":{"line":28,"column":23}},"11":{"start":{"line":29,"column":4},"end":{"line":29,"column":52}},"12":{"start":{"line":30,"column":4},"end":{"line":30,"column":44}},"13":{"start":{"line":31,"column":4},"end":{"line":31,"column":24}},"14":{"start":{"line":34,"column":19},"end":{"line":39,"column":4}},"15":{"start":{"line":35,"column":4},"end":{"line":35,"column":23}},"16":{"start":{"line":36,"column":4},"end":{"line":36,"column":52}},"17":{"start":{"line":37,"column":4},"end":{"line":37,"column":44}},"18":{"start":{"line":38,"column":4},"end":{"line":38,"column":24}},"19":{"start":{"line":41,"column":20},"end":{"line":46,"column":4}},"20":{"start":{"line":42,"column":4},"end":{"line":42,"column":23}},"21":{"start":{"line":43,"column":4},"end":{"line":43,"column":32}},"22":{"start":{"line":44,"column":4},"end":{"line":44,"column":45}},"23":{"start":{"line":45,"column":4},"end":{"line":45,"column":24}},"24":{"start":{"line":48,"column":19},"end":{"line":53,"column":4}},"25":{"start":{"line":49,"column":4},"end":{"line":49,"column":23}},"26":{"start":{"line":50,"column":4},"end":{"line":50,"column":31}},"27":{"start":{"line":51,"column":4},"end":{"line":51,"column":44}},"28":{"start":{"line":52,"column":4},"end":{"line":52,"column":24}},"29":{"start":{"line":55,"column":30},"end":{"line":68,"column":3}},"30":{"start":{"line":56,"column":4},"end":{"line":67,"column":6}},"31":{"start":{"line":70,"column":2},"end":{"line":95,"column":4}},"32":{"start":{"line":86,"column":14},"end":{"line":86,"column":53}},"33":{"start":{"line":98,"column":15},"end":{"line":115,"column":2}},"34":{"start":{"line":117,"column":0},"end":{"line":123,"column":2}}},"fnMap":{"0":{"name":"(anonymous_0)","decl":{"start":{"line":14,"column":28},"end":{"line":14,"column":29}},"loc":{"start":{"line":14,"column":37},"end":{"line":96,"column":1}},"line":14},"1":{"name":"(anonymous_1)","decl":{"start":{"line":15,"column":33},"end":{"line":15,"column":34}},"loc":{"start":{"line":15,"column":42},"end":{"line":15,"column":57}},"line":15},"2":{"name":"(anonymous_2)","decl":{"start":{"line":21,"column":12},"end":{"line":21,"column":13}},"loc":{"start":{"line":21,"column":24},"end":{"line":25,"column":3}},"line":21},"3":{"name":"(anonymous_3)","decl":{"start":{"line":27,"column":31},"end":{"line":27,"column":32}},"loc":{"start":{"line":27,"column":43},"end":{"line":32,"column":3}},"line":27},"4":{"name":"(anonymous_4)","decl":{"start":{"line":34,"column":31},"end":{"line":34,"column":32}},"loc":{"start":{"line":34,"column":43},"end":{"line":39,"column":3}},"line":34},"5":{"name":"(anonymous_5)","decl":{"start":{"line":41,"column":32},"end":{"line":41,"column":33}},"loc":{"start":{"line":41,"column":44},"end":{"line":46,"column":3}},"line":41},"6":{"name":"(anonymous_6)","decl":{"start":{"line":48,"column":31},"end":{"line":48,"column":32}},"loc":{"start":{"line":48,"column":43},"end":{"line":53,"column":3}},"line":48},"7":{"name":"(anonymous_7)","decl":{"start":{"line":55,"column":30},"end":{"line":55,"column":31}},"loc":{"start":{"line":55,"column":42},"end":{"line":68,"column":3}},"line":55},"8":{"name":"(anonymous_8)","decl":{"start":{"line":85,"column":26},"end":{"line":85,"column":27}},"loc":{"start":{"line":86,"column":14},"end":{"line":86,"column":53}},"line":86}},"branchMap":{"0":{"loc":{"start":{"line":78,"column":7},"end":{"line":93,"column":7}},"type":"cond-expr","locations":[{"start":{"line":79,"column":8},"end":{"line":81,"column":15}},{"start":{"line":83,"column":8},"end":{"line":92,"column":15}}],"line":78}},"s":{"0":1,"1":3,"2":4,"3":2,"4":2,"5":2,"6":1,"7":1,"8":1,"9":2,"10":0,"11":0,"12":0,"13":0,"14":2,"15":0,"16":0,"17":0,"18":0,"19":2,"20":0,"21":0,"22":0,"23":0,"24":2,"25":0,"26":0,"27":0,"28":0,"29":2,"30":0,"31":2,"32":0,"33":1,"34":1},"f":{"0":3,"1":4,"2":1,"3":0,"4":0,"5":0,"6":0,"7":0,"8":0},"b":{"0":[1,1]},"_coverageSchema":"1a1c01bbd47fc00a2c39e90264f33305004495a9","hash":"71d85ce400d9136b6b75188d1d3b1da6594871b8"}
,"/Users/marcusng/Desktop/FireAndIce/screens/FavouriteCharactersScreen.js": {"path":"/Users/marcusng/Desktop/FireAndIce/screens/FavouriteCharactersScreen.js","statementMap":{"0":{"start":{"line":4,"column":34},"end":{"line":10,"column":1}},"1":{"start":{"line":5,"column":2},"end":{"line":9,"column":4}},"2":{"start":{"line":12,"column":15},"end":{"line":19,"column":2}}},"fnMap":{"0":{"name":"(anonymous_0)","decl":{"start":{"line":4,"column":34},"end":{"line":4,"column":35}},"loc":{"start":{"line":4,"column":40},"end":{"line":10,"column":1}},"line":4}},"branchMap":{},"s":{"0":0,"1":0,"2":0},"f":{"0":0},"b":{}}
,"/Users/marcusng/Desktop/FireAndIce/screens/SearchCharacterScreen.js": {"path":"/Users/marcusng/Desktop/FireAndIce/screens/SearchCharacterScreen.js","statementMap":{"0":{"start":{"line":4,"column":30},"end":{"line":10,"column":1}},"1":{"start":{"line":5,"column":2},"end":{"line":9,"column":4}},"2":{"start":{"line":12,"column":15},"end":{"line":19,"column":2}}},"fnMap":{"0":{"name":"(anonymous_0)","decl":{"start":{"line":4,"column":30},"end":{"line":4,"column":31}},"loc":{"start":{"line":4,"column":36},"end":{"line":10,"column":1}},"line":4}},"branchMap":{},"s":{"0":0,"1":0,"2":0},"f":{"0":0},"b":{}}
,"/Users/marcusng/Desktop/FireAndIce/store/actions/PageNavigation.js": {"path":"/Users/marcusng/Desktop/FireAndIce/store/actions/PageNavigation.js","statementMap":{"0":{"start":{"line":1,"column":34},"end":{"line":1,"column":54}},"1":{"start":{"line":2,"column":34},"end":{"line":2,"column":54}},"2":{"start":{"line":3,"column":32},"end":{"line":3,"column":50}},"3":{"start":{"line":5,"column":26},"end":{"line":5,"column":38}},"4":{"start":{"line":6,"column":29},"end":{"line":6,"column":44}},"5":{"start":{"line":7,"column":25},"end":{"line":7,"column":36}},"6":{"start":{"line":8,"column":25},"end":{"line":8,"column":36}},"7":{"start":{"line":16,"column":32},"end":{"line":20,"column":1}},"8":{"start":{"line":17,"column":2},"end":{"line":19,"column":4}},"9":{"start":{"line":22,"column":32},"end":{"line":28,"column":1}},"10":{"start":{"line":23,"column":2},"end":{"line":27,"column":4}},"11":{"start":{"line":30,"column":32},"end":{"line":35,"column":1}},"12":{"start":{"line":31,"column":2},"end":{"line":34,"column":4}},"13":{"start":{"line":38,"column":2},"end":{"line":55,"column":4}},"14":{"start":{"line":39,"column":4},"end":{"line":39,"column":31}},"15":{"start":{"line":40,"column":4},"end":{"line":54,"column":5}},"16":{"start":{"line":41,"column":21},"end":{"line":47,"column":7}},"17":{"start":{"line":49,"column":23},"end":{"line":49,"column":44}},"18":{"start":{"line":50,"column":6},"end":{"line":50,"column":78}},"19":{"start":{"line":52,"column":23},"end":{"line":52,"column":36}},"20":{"start":{"line":53,"column":6},"end":{"line":53,"column":43}},"21":{"start":{"line":59,"column":2},"end":{"line":80,"column":4}},"22":{"start":{"line":60,"column":4},"end":{"line":60,"column":31}},"23":{"start":{"line":61,"column":4},"end":{"line":79,"column":5}},"24":{"start":{"line":62,"column":6},"end":{"line":76,"column":7}},"25":{"start":{"line":63,"column":23},"end":{"line":69,"column":9}},"26":{"start":{"line":71,"column":25},"end":{"line":71,"column":46}},"27":{"start":{"line":72,"column":8},"end":{"line":72,"column":63}},"28":{"start":{"line":74,"column":25},"end":{"line":74,"column":38}},"29":{"start":{"line":75,"column":8},"end":{"line":75,"column":45}},"30":{"start":{"line":78,"column":6},"end":{"line":78,"column":78}},"31":{"start":{"line":84,"column":2},"end":{"line":105,"column":4}},"32":{"start":{"line":85,"column":4},"end":{"line":85,"column":31}},"33":{"start":{"line":86,"column":4},"end":{"line":104,"column":5}},"34":{"start":{"line":87,"column":6},"end":{"line":101,"column":7}},"35":{"start":{"line":88,"column":23},"end":{"line":94,"column":9}},"36":{"start":{"line":96,"column":25},"end":{"line":96,"column":46}},"37":{"start":{"line":97,"column":8},"end":{"line":97,"column":63}},"38":{"start":{"line":99,"column":25},"end":{"line":99,"column":38}},"39":{"start":{"line":100,"column":8},"end":{"line":100,"column":45}},"40":{"start":{"line":103,"column":6},"end":{"line":103,"column":78}},"41":{"start":{"line":109,"column":2},"end":{"line":126,"column":4}},"42":{"start":{"line":110,"column":4},"end":{"line":110,"column":31}},"43":{"start":{"line":111,"column":4},"end":{"line":125,"column":5}},"44":{"start":{"line":112,"column":21},"end":{"line":118,"column":7}},"45":{"start":{"line":120,"column":23},"end":{"line":120,"column":44}},"46":{"start":{"line":121,"column":6},"end":{"line":121,"column":48}},"47":{"start":{"line":123,"column":23},"end":{"line":123,"column":36}},"48":{"start":{"line":124,"column":6},"end":{"line":124,"column":43}},"49":{"start":{"line":130,"column":2},"end":{"line":147,"column":4}},"50":{"start":{"line":131,"column":4},"end":{"line":131,"column":31}},"51":{"start":{"line":132,"column":4},"end":{"line":146,"column":5}},"52":{"start":{"line":133,"column":21},"end":{"line":139,"column":7}},"53":{"start":{"line":141,"column":23},"end":{"line":141,"column":44}},"54":{"start":{"line":142,"column":6},"end":{"line":142,"column":50}},"55":{"start":{"line":144,"column":23},"end":{"line":144,"column":36}},"56":{"start":{"line":145,"column":6},"end":{"line":145,"column":43}}},"fnMap":{"0":{"name":"(anonymous_0)","decl":{"start":{"line":16,"column":32},"end":{"line":16,"column":33}},"loc":{"start":{"line":16,"column":38},"end":{"line":20,"column":1}},"line":16},"1":{"name":"(anonymous_1)","decl":{"start":{"line":22,"column":32},"end":{"line":22,"column":33}},"loc":{"start":{"line":22,"column":51},"end":{"line":28,"column":1}},"line":22},"2":{"name":"(anonymous_2)","decl":{"start":{"line":30,"column":32},"end":{"line":30,"column":33}},"loc":{"start":{"line":30,"column":41},"end":{"line":35,"column":1}},"line":30},"3":{"name":"fetchInitialData","decl":{"start":{"line":37,"column":16},"end":{"line":37,"column":32}},"loc":{"start":{"line":37,"column":35},"end":{"line":56,"column":1}},"line":37},"4":{"name":"(anonymous_4)","decl":{"start":{"line":38,"column":9},"end":{"line":38,"column":10}},"loc":{"start":{"line":38,"column":39},"end":{"line":55,"column":3}},"line":38},"5":{"name":"nextPage","decl":{"start":{"line":58,"column":16},"end":{"line":58,"column":24}},"loc":{"start":{"line":58,"column":37},"end":{"line":81,"column":1}},"line":58},"6":{"name":"(anonymous_6)","decl":{"start":{"line":59,"column":9},"end":{"line":59,"column":10}},"loc":{"start":{"line":59,"column":39},"end":{"line":80,"column":3}},"line":59},"7":{"name":"prevPage","decl":{"start":{"line":83,"column":16},"end":{"line":83,"column":24}},"loc":{"start":{"line":83,"column":37},"end":{"line":106,"column":1}},"line":83},"8":{"name":"(anonymous_8)","decl":{"start":{"line":84,"column":9},"end":{"line":84,"column":10}},"loc":{"start":{"line":84,"column":39},"end":{"line":105,"column":3}},"line":84},"9":{"name":"firstPage","decl":{"start":{"line":108,"column":16},"end":{"line":108,"column":25}},"loc":{"start":{"line":108,"column":28},"end":{"line":127,"column":1}},"line":108},"10":{"name":"(anonymous_10)","decl":{"start":{"line":109,"column":9},"end":{"line":109,"column":10}},"loc":{"start":{"line":109,"column":39},"end":{"line":126,"column":3}},"line":109},"11":{"name":"lastPage","decl":{"start":{"line":129,"column":16},"end":{"line":129,"column":24}},"loc":{"start":{"line":129,"column":27},"end":{"line":148,"column":1}},"line":129},"12":{"name":"(anonymous_12)","decl":{"start":{"line":130,"column":9},"end":{"line":130,"column":10}},"loc":{"start":{"line":130,"column":39},"end":{"line":147,"column":3}},"line":130}},"branchMap":{"0":{"loc":{"start":{"line":61,"column":4},"end":{"line":79,"column":5}},"type":"if","locations":[{"start":{"line":61,"column":4},"end":{"line":79,"column":5}},{"start":{"line":61,"column":4},"end":{"line":79,"column":5}}],"line":61},"1":{"loc":{"start":{"line":86,"column":4},"end":{"line":104,"column":5}},"type":"if","locations":[{"start":{"line":86,"column":4},"end":{"line":104,"column":5}},{"start":{"line":86,"column":4},"end":{"line":104,"column":5}}],"line":86}},"s":{"0":1,"1":1,"2":1,"3":1,"4":1,"5":1,"6":1,"7":1,"8":1,"9":1,"10":0,"11":1,"12":1,"13":1,"14":1,"15":1,"16":1,"17":0,"18":0,"19":1,"20":1,"21":0,"22":0,"23":0,"24":0,"25":0,"26":0,"27":0,"28":0,"29":0,"30":0,"31":0,"32":0,"33":0,"34":0,"35":0,"36":0,"37":0,"38":0,"39":0,"40":0,"41":0,"42":0,"43":0,"44":0,"45":0,"46":0,"47":0,"48":0,"49":0,"50":0,"51":0,"52":0,"53":0,"54":0,"55":0,"56":0},"f":{"0":1,"1":0,"2":1,"3":1,"4":1,"5":0,"6":0,"7":0,"8":0,"9":0,"10":0,"11":0,"12":0},"b":{"0":[0,0],"1":[0,0]},"_coverageSchema":"1a1c01bbd47fc00a2c39e90264f33305004495a9","hash":"b5f0963e71c35a78fd9d3e18dd7ef1af3528241a"}
,"/Users/marcusng/Desktop/FireAndIce/store/reducers/CharacterReducer.js": {"path":"/Users/marcusng/Desktop/FireAndIce/store/reducers/CharacterReducer.js","statementMap":{"0":{"start":{"line":7,"column":28},"end":{"line":18,"column":1}},"1":{"start":{"line":20,"column":32},"end":{"line":43,"column":1}},"2":{"start":{"line":21,"column":2},"end":{"line":42,"column":3}},"3":{"start":{"line":23,"column":6},"end":{"line":25,"column":8}},"4":{"start":{"line":27,"column":6},"end":{"line":32,"column":8}},"5":{"start":{"line":34,"column":6},"end":{"line":38,"column":8}},"6":{"start":{"line":41,"column":6},"end":{"line":41,"column":19}}},"fnMap":{"0":{"name":"(anonymous_0)","decl":{"start":{"line":20,"column":32},"end":{"line":20,"column":33}},"loc":{"start":{"line":20,"column":66},"end":{"line":43,"column":1}},"line":20}},"branchMap":{"0":{"loc":{"start":{"line":20,"column":33},"end":{"line":20,"column":53}},"type":"default-arg","locations":[{"start":{"line":20,"column":41},"end":{"line":20,"column":53}}],"line":20},"1":{"loc":{"start":{"line":21,"column":2},"end":{"line":42,"column":3}},"type":"switch","locations":[{"start":{"line":22,"column":4},"end":{"line":25,"column":8}},{"start":{"line":26,"column":4},"end":{"line":32,"column":8}},{"start":{"line":33,"column":4},"end":{"line":38,"column":8}},{"start":{"line":40,"column":4},"end":{"line":41,"column":19}}],"line":21}},"s":{"0":0,"1":0,"2":0,"3":0,"4":0,"5":0,"6":0},"f":{"0":0},"b":{"0":[0],"1":[0,0,0,0]}}
}
