TN:
SF:App.js
FN:19,(anonymous_0)
FNF:1
FNH:0
FNDA:0,(anonymous_0)
DA:10,0
DA:13,0
DA:17,0
DA:19,0
DA:20,0
LF:5
LH:0
BRF:0
BRH:0
end_of_record
TN:
SF:components/CharacterItem.js
FN:4,(anonymous_0)
FN:9,(anonymous_1)
FNF:2
FNH:0
FNDA:0,(anonymous_0)
FNDA:0,(anonymous_1)
DA:4,1
DA:5,0
DA:7,0
DA:10,0
DA:30,1
LF:5
LH:2
BRDA:20,0,0,0
BRDA:20,0,1,0
BRF:2
BRH:0
end_of_record
TN:
SF:components/Header.js
FN:4,(anonymous_0)
FNF:1
FNH:0
FNDA:0,(anonymous_0)
DA:4,0
DA:5,0
DA:13,0
LF:3
LH:0
BRF:0
BRH:0
end_of_record
TN:
SF:components/PageController.js
FN:4,(anonymous_0)
FNF:1
FNH:1
FNDA:1,(anonymous_0)
DA:4,1
DA:5,1
DA:7,1
DA:37,1
LF:4
LH:4
BRF:0
BRH:0
end_of_record
TN:
SF:models/character.js
FN:2,(anonymous_0)
FNF:1
FNH:0
FNDA:0,(anonymous_0)
DA:3,0
DA:4,0
DA:5,0
DA:6,0
LF:4
LH:0
BRF:0
BRH:0
end_of_record
TN:
SF:navigations/AppNavigator.js
FNF:0
FNH:0
DA:6,0
LF:1
LH:0
BRF:0
BRH:0
end_of_record
TN:
SF:screens/CharacterDetailsScreen.js
FN:4,(anonymous_0)
FN:42,(anonymous_1)
FNF:2
FNH:0
FNDA:0,(anonymous_0)
FNDA:0,(anonymous_1)
DA:4,0
DA:5,0
DA:6,0
DA:7,0
DA:9,0
DA:43,0
DA:52,0
DA:101,0
LF:8
LH:0
BRDA:19,0,0,0
BRDA:19,0,1,0
BRDA:25,1,0,0
BRDA:25,1,1,0
BRDA:26,2,0,0
BRDA:26,2,1,0
BRF:6
BRH:0
end_of_record
TN:
SF:screens/CharacterListScreen.js
FN:14,(anonymous_0)
FN:15,(anonymous_1)
FN:21,(anonymous_2)
FN:27,(anonymous_3)
FN:34,(anonymous_4)
FN:41,(anonymous_5)
FN:48,(anonymous_6)
FN:55,(anonymous_7)
FN:85,(anonymous_8)
FNF:9
FNH:3
FNDA:3,(anonymous_0)
FNDA:4,(anonymous_1)
FNDA:1,(anonymous_2)
FNDA:0,(anonymous_3)
FNDA:0,(anonymous_4)
FNDA:0,(anonymous_5)
FNDA:0,(anonymous_6)
FNDA:0,(anonymous_7)
FNDA:0,(anonymous_8)
DA:14,1
DA:15,4
DA:17,2
DA:19,2
DA:21,2
DA:22,1
DA:23,1
DA:24,1
DA:27,2
DA:28,0
DA:29,0
DA:30,0
DA:31,0
DA:34,2
DA:35,0
DA:36,0
DA:37,0
DA:38,0
DA:41,2
DA:42,0
DA:43,0
DA:44,0
DA:45,0
DA:48,2
DA:49,0
DA:50,0
DA:51,0
DA:52,0
DA:55,2
DA:56,0
DA:70,2
DA:86,0
DA:98,1
DA:117,1
LF:34
LH:16
BRDA:78,0,0,1
BRDA:78,0,1,1
BRF:2
BRH:2
end_of_record
TN:
SF:screens/FavouriteCharactersScreen.js
FN:4,(anonymous_0)
FNF:1
FNH:0
FNDA:0,(anonymous_0)
DA:4,0
DA:5,0
DA:12,0
LF:3
LH:0
BRF:0
BRH:0
end_of_record
TN:
SF:screens/SearchCharacterScreen.js
FN:4,(anonymous_0)
FNF:1
FNH:0
FNDA:0,(anonymous_0)
DA:4,0
DA:5,0
DA:12,0
LF:3
LH:0
BRF:0
BRH:0
end_of_record
TN:
SF:store/actions/PageNavigation.js
FN:16,(anonymous_0)
FN:22,(anonymous_1)
FN:30,(anonymous_2)
FN:37,fetchInitialData
FN:38,(anonymous_4)
FN:58,nextPage
FN:59,(anonymous_6)
FN:83,prevPage
FN:84,(anonymous_8)
FN:108,firstPage
FN:109,(anonymous_10)
FN:129,lastPage
FN:130,(anonymous_12)
FNF:13
FNH:4
FNDA:1,(anonymous_0)
FNDA:0,(anonymous_1)
FNDA:1,(anonymous_2)
FNDA:1,fetchInitialData
FNDA:1,(anonymous_4)
FNDA:0,nextPage
FNDA:0,(anonymous_6)
FNDA:0,prevPage
FNDA:0,(anonymous_8)
FNDA:0,firstPage
FNDA:0,(anonymous_10)
FNDA:0,lastPage
FNDA:0,(anonymous_12)
DA:1,1
DA:2,1
DA:3,1
DA:5,1
DA:6,1
DA:7,1
DA:8,1
DA:16,1
DA:17,1
DA:22,1
DA:23,0
DA:30,1
DA:31,1
DA:38,1
DA:39,1
DA:40,1
DA:41,1
DA:49,0
DA:50,0
DA:52,1
DA:53,1
DA:59,0
DA:60,0
DA:61,0
DA:62,0
DA:63,0
DA:71,0
DA:72,0
DA:74,0
DA:75,0
DA:78,0
DA:84,0
DA:85,0
DA:86,0
DA:87,0
DA:88,0
DA:96,0
DA:97,0
DA:99,0
DA:100,0
DA:103,0
DA:109,0
DA:110,0
DA:111,0
DA:112,0
DA:120,0
DA:121,0
DA:123,0
DA:124,0
DA:130,0
DA:131,0
DA:132,0
DA:133,0
DA:141,0
DA:142,0
DA:144,0
DA:145,0
LF:57
LH:18
BRDA:61,0,0,0
BRDA:61,0,1,0
BRDA:86,1,0,0
BRDA:86,1,1,0
BRF:4
BRH:0
end_of_record
TN:
SF:store/reducers/CharacterReducer.js
FN:20,(anonymous_0)
FNF:1
FNH:0
FNDA:0,(anonymous_0)
DA:7,0
DA:20,0
DA:21,0
DA:23,0
DA:27,0
DA:34,0
DA:41,0
LF:7
LH:0
BRDA:20,0,0,0
BRDA:21,1,0,0
BRDA:21,1,1,0
BRDA:21,1,2,0
BRDA:21,1,3,0
BRF:5
BRH:0
end_of_record
